c:\users\wccci\desktop\c++代码\03数据结构\03数据结构\x64\debug\vc143.pdb
c:\users\wccci\desktop\c++代码\03数据结构\03数据结构\x64\debug\vc143.idb
c:\users\wccci\desktop\c++代码\03数据结构\03数据结构\x64\debug\04_双向链表.obj
c:\users\wccci\desktop\c++代码\03数据结构\03数据结构\x64\debug\04_top_k位图算法.obj
c:\users\wccci\desktop\c++代码\03数据结构\03数据结构\x64\debug\03二分查找法.obj
c:\users\wccci\desktop\c++代码\03数据结构\03数据结构\x64\debug\03_中缀转后缀表达式.obj
c:\users\wccci\desktop\c++代码\03数据结构\03数据结构\x64\debug\03_top_k应用.obj
c:\users\wccci\desktop\c++代码\03数据结构\03数据结构\x64\debug\02链表队列.obj
c:\users\wccci\desktop\c++代码\03数据结构\03数据结构\x64\debug\02_链式栈.obj
c:\users\wccci\desktop\c++代码\03数据结构\03数据结构\x64\debug\02_选择排序.obj
c:\users\wccci\desktop\c++代码\03数据结构\03数据结构\x64\debug\02_堆排序.obj
c:\users\wccci\desktop\c++代码\03数据结构\03数据结构\x64\debug\02_单向循环链表.obj
c:\users\wccci\desktop\c++代码\03数据结构\03数据结构\x64\debug\02_avl树.obj
c:\users\wccci\desktop\c++代码\03数据结构\03数据结构\x64\debug\01环形队列.obj
c:\users\wccci\desktop\c++代码\03数据结构\03数据结构\x64\debug\01_顺序栈.obj
c:\users\wccci\desktop\c++代码\03数据结构\03数据结构\x64\debug\01_线性哈希表.obj
c:\users\wccci\desktop\c++代码\03数据结构\03数据结构\x64\debug\01_数组.obj
c:\users\wccci\desktop\c++代码\03数据结构\03数据结构\x64\debug\01_单链表.obj
c:\users\wccci\desktop\c++代码\03数据结构\03数据结构\x64\debug\01_冒泡排序.obj
c:\users\wccci\desktop\c++代码\03数据结构\03数据结构\x64\debug\01_二插堆.obj
c:\users\wccci\desktop\c++代码\03数据结构\03数据结构\x64\debug\01_bst树.obj
c:\users\wccci\desktop\c++代码\03数据结构\03数据结构\x64\debug\07_快排分割top_k.obj
c:\users\wccci\desktop\c++代码\03数据结构\03数据结构\x64\debug\02_链式哈希表.obj
c:\users\wccci\desktop\c++代码\03数据结构\03数据结构\x64\debug\07_基数排序.obj
c:\users\wccci\desktop\c++代码\03数据结构\03数据结构\x64\debug\06_归并排序.obj
c:\users\wccci\desktop\c++代码\03数据结构\03数据结构\x64\debug\06_大小根堆算法.obj
c:\users\wccci\desktop\c++代码\03数据结构\03数据结构\x64\debug\05_快速排序.obj
c:\users\wccci\desktop\c++代码\03数据结构\03数据结构\x64\debug\05_布隆滤波器.obj
c:\users\wccci\desktop\c++代码\03数据结构\03数据结构\x64\debug\05_双向循环链表.obj
c:\users\wccci\desktop\c++代码\03数据结构\03数据结构\x64\debug\04_希尔排序.obj
c:\users\wccci\desktop\c++代码\03数据结构\03数据结构\x64\debug\03_约瑟夫环.obj
c:\users\wccci\desktop\c++代码\03数据结构\03数据结构\x64\debug\03_插入排序.obj
c:\users\wccci\desktop\c++代码\03数据结构\03数据结构\x64\debug\03_红黑树.obj
c:\users\wccci\desktop\c++代码\03数据结构\03数据结构\x64\debug\01_递归.obj
c:\users\wccci\desktop\c++代码\03数据结构\03数据结构\x64\debug\02_整数问题求解.obj
c:\users\wccci\desktop\c++代码\03数据结构\03数据结构\x64\debug\03_2n整数求解问题.obj
c:\users\wccci\desktop\c++代码\03数据结构\03数据结构\x64\debug\04_挑数字问题1.obj
c:\users\wccci\desktop\c++代码\03数据结构\03数据结构\x64\debug\06_背包问题.obj
c:\users\wccci\desktop\c++代码\03数据结构\03数据结构\x64\debug\05_挑数字问题2.obj
c:\users\wccci\desktop\c++代码\03数据结构\03数据结构\x64\debug\08_八皇后问题.obj
c:\users\wccci\desktop\c++代码\03数据结构\03数据结构\x64\debug\07_排列树.obj
c:\users\wccci\desktop\c++代码\03数据结构\03数据结构\x64\debug\09_基于穷举法的全排列.obj
c:\users\wccci\desktop\c++代码\03数据结构\03数据结构\x64\debug\01_分治算法.obj
c:\users\wccci\desktop\c++代码\03数据结构\03数据结构\x64\debug\02_快速排序.obj
c:\users\wccci\desktop\c++代码\03数据结构\03数据结构\x64\debug\03_快排分割求top_k.obj
c:\users\wccci\desktop\c++代码\03数据结构\03数据结构\x64\debug\04_归并排序.obj
c:\users\wccci\desktop\c++代码\03数据结构\03数据结构\x64\debug\06_对数时间求中位数.obj
c:\users\wccci\desktop\c++代码\03数据结构\03数据结构\x64\debug\05_合并k个有序单链表.obj
c:\users\wccci\desktop\c++代码\03数据结构\03数据结构\x64\debug\01_硬币选择问题.obj
c:\users\wccci\desktop\c++代码\03数据结构\03数据结构\x64\debug\02_斐波那契问题.obj
c:\users\wccci\desktop\c++代码\03数据结构\03数据结构\x64\debug\04_lis问题.obj
c:\users\wccci\desktop\c++代码\03数据结构\03数据结构\x64\debug\03_最大子段和问题.obj
c:\users\wccci\desktop\c++代码\03数据结构\03数据结构\x64\debug\05_lcs公共子序列问题.obj
c:\users\wccci\desktop\c++代码\03数据结构\03数据结构\x64\debug\06_背包问题01.obj
c:\users\wccci\desktop\c++代码\03数据结构\03数据结构\x64\debug\03数据结构.ilk
c:\users\wccci\desktop\c++代码\03数据结构\03数据结构\x64\debug\04_b树.obj
c:\users\wccci\desktop\c++代码\03数据结构\x64\debug\03数据结构.pdb
c:\users\wccci\desktop\c++代码\03数据结构\03数据结构\x64\debug\03数据结构.tlog\cl.command.1.tlog
c:\users\wccci\desktop\c++代码\03数据结构\03数据结构\x64\debug\03数据结构.tlog\cl.items.tlog
c:\users\wccci\desktop\c++代码\03数据结构\03数据结构\x64\debug\03数据结构.tlog\cl.read.1.tlog
c:\users\wccci\desktop\c++代码\03数据结构\03数据结构\x64\debug\03数据结构.tlog\cl.write.1.tlog
c:\users\wccci\desktop\c++代码\03数据结构\03数据结构\x64\debug\03数据结构.tlog\link.42056-cvtres.read.1.tlog
c:\users\wccci\desktop\c++代码\03数据结构\03数据结构\x64\debug\03数据结构.tlog\link.42056-cvtres.write.1.tlog
c:\users\wccci\desktop\c++代码\03数据结构\03数据结构\x64\debug\03数据结构.tlog\link.42056-rc.read.1.tlog
c:\users\wccci\desktop\c++代码\03数据结构\03数据结构\x64\debug\03数据结构.tlog\link.42056-rc.write.1.tlog
c:\users\wccci\desktop\c++代码\03数据结构\03数据结构\x64\debug\03数据结构.tlog\link.42056.read.1.tlog
c:\users\wccci\desktop\c++代码\03数据结构\03数据结构\x64\debug\03数据结构.tlog\link.42056.read.2.tlog
c:\users\wccci\desktop\c++代码\03数据结构\03数据结构\x64\debug\03数据结构.tlog\link.42056.write.1.tlog
c:\users\wccci\desktop\c++代码\03数据结构\03数据结构\x64\debug\03数据结构.tlog\link.command.1.tlog
c:\users\wccci\desktop\c++代码\03数据结构\03数据结构\x64\debug\03数据结构.tlog\link.read.1.tlog
c:\users\wccci\desktop\c++代码\03数据结构\03数据结构\x64\debug\03数据结构.tlog\link.secondary.1.tlog
c:\users\wccci\desktop\c++代码\03数据结构\03数据结构\x64\debug\03数据结构.tlog\link.write.1.tlog
